<?xml version="1.0" encoding="UTF-8"?>
<robot generator="Robot 7.1.1 (Python 3.11.9 on darwin)" generated="2024-11-22T15:42:31.032632" rpa="false" schemaversion="5">
<suite id="s1" name="TestCase" source="/Users/mobinakadaei/Desktop/Paragin/TestCase/TestCase.robot">
<test id="s1-t1" name="Start Exam, Answer All Questions Correctly, and Verify Final Grade" line="10">
<kw name="Given OpenBrowser.Open Browser" owner="OpenBrowser">
<kw name="New Browser" owner="Browser">
<msg time="2024-11-22T15:42:31.173490" level="INFO">{"browser": "chromium", "headless": false, "chromiumSandbox": false, "devtools": false, "handleSIGHUP": true, "handleSIGINT": true, "handleSIGTERM": true, "slowMo": 0.0, "timeout": 30000.0, "tracesDir": "/Users/mobinakadaei/Desktop/Paragin/log/browser/traces/5332fbe3-e9a1-4af1-ba82-2d7199952acf"}</msg>
<msg time="2024-11-22T15:42:31.196370" level="INFO">Starting Browser process /Library/Frameworks/Python.framework/Versions/3.11/lib/python3.11/site-packages/Browser/wrapper/index.js using port 59386</msg>
<msg time="2024-11-22T15:42:31.196691" level="INFO">Node startup parameters: ['node', '/Library/Frameworks/Python.framework/Versions/3.11/lib/python3.11/site-packages/Browser/wrapper/index.js', '59386']</msg>
<msg time="2024-11-22T15:42:33.300410" level="INFO">Successfully created browser with options: {"browser":"chromium","headless":false,"chromiumSandbox":false,"devtools":false,"handleSIGHUP":true,"handleSIGINT":true,"handleSIGTERM":true,"slowMo":0,"timeout":30000,"tracesDir":"/Users/mobinakadaei/Desktop/Paragin/log/browser/traces/5332fbe3-e9a1-4af1-ba82-2d7199952acf"}</msg>
<arg>headless=${headless_status}</arg>
<tag>BrowserControl</tag>
<tag>Setter</tag>
<doc>Create a new playwright Browser with specified options.</doc>
<status status="PASS" start="2024-11-22T15:42:31.172799" elapsed="2.128124"/>
</kw>
<kw name="New Page" owner="Browser">
<msg time="2024-11-22T15:42:34.064074" level="INFO">Successfully initialized new page object and opened url: https://paragin.remindotoetsdemo.nl/</msg>
<msg time="2024-11-22T15:42:34.064294" level="INFO">No context was open. New context was automatically opened when this page is created.</msg>
<arg>${url}</arg>
<tag>BrowserControl</tag>
<tag>Setter</tag>
<doc>Open a new Page.</doc>
<status status="PASS" start="2024-11-22T15:42:33.301335" elapsed="0.763093"/>
</kw>
<kw name="Set Viewport Size" owner="Browser">
<msg time="2024-11-22T15:42:34.072896" level="INFO">Set viewport size to: [object Object]</msg>
<arg>1512</arg>
<arg>823</arg>
<tag>BrowserControl</tag>
<tag>Setter</tag>
<doc>Sets current Pages viewport size to specified dimensions.</doc>
<status status="PASS" start="2024-11-22T15:42:34.064826" elapsed="0.008270"/>
</kw>
<status status="PASS" start="2024-11-22T15:42:31.172315" elapsed="2.900942"/>
</kw>
<kw name="When StartAssesment.Select Assesment from Dropdown Menu" owner="StartAssesment">
<kw name="Click" owner="Browser">
<msg time="2024-11-22T15:42:34.074028" level="INFO">Clicks the element '[name=recipe_id]'.</msg>
<arg>${drop_down_menu_locator}</arg>
<tag>PageContent</tag>
<tag>Setter</tag>
<doc>Simulates mouse click on the element found by ``selector``.</doc>
<status status="PASS" start="2024-11-22T15:42:34.073748" elapsed="0.082247"/>
</kw>
<kw name="Select Options By" owner="Browser">
<msg time="2024-11-22T15:42:34.156569" level="INFO">Selects the option(s) 2 by attribute SelectAttribute.value from element select#sel_recipe.</msg>
<arg>${assesment_locator}</arg>
<arg>value</arg>
<arg>2</arg>
<tag>PageContent</tag>
<tag>Setter</tag>
<doc>Selects options from select element found by ``selector``.</doc>
<status status="PASS" start="2024-11-22T15:42:34.156197" elapsed="0.050864"/>
</kw>
<kw name="Click" owner="Browser">
<msg time="2024-11-22T15:42:34.207590" level="INFO">Clicks the element '[class="startbutton"]'.</msg>
<arg>${start_button_locator}</arg>
<tag>PageContent</tag>
<tag>Setter</tag>
<doc>Simulates mouse click on the element found by ``selector``.</doc>
<status status="PASS" start="2024-11-22T15:42:34.207258" elapsed="1.743952"/>
</kw>
<status status="PASS" start="2024-11-22T15:42:34.073505" elapsed="1.878083"/>
</kw>
<kw name="And InstructionPage.Click Start exam Button in Instruction Page" owner="InstructionPage">
<kw name="Click" owner="Browser">
<msg time="2024-11-22T15:42:35.953446" level="INFO">Clicks the element 'text=Start exam &gt;&gt; nth=1'.</msg>
<arg>${start_button_instruction_locator}</arg>
<tag>PageContent</tag>
<tag>Setter</tag>
<doc>Simulates mouse click on the element found by ``selector``.</doc>
<status status="PASS" start="2024-11-22T15:42:35.952690" elapsed="1.404789"/>
</kw>
<status status="PASS" start="2024-11-22T15:42:35.952122" elapsed="1.405488"/>
</kw>
<kw name="And QuestionsPage.Select Correct Answer for all 10 Questions" owner="QuestionsPage">
<for flavor="IN RANGE">
<iter>
<kw name="Click" owner="Browser">
<msg time="2024-11-22T15:42:37.359369" level="INFO">Clicks the element 'label:has(strong)'.</msg>
<arg>${correct_answer_locator}</arg>
<tag>PageContent</tag>
<tag>Setter</tag>
<doc>Simulates mouse click on the element found by ``selector``.</doc>
<status status="PASS" start="2024-11-22T15:42:37.358848" elapsed="0.810699"/>
</kw>
<kw name="Click" owner="Browser">
<msg time="2024-11-22T15:42:38.170026" level="INFO">Clicks the element 'text=Save and continue'.</msg>
<arg>${save_and_continue_locator}</arg>
<tag>PageContent</tag>
<tag>Setter</tag>
<doc>Simulates mouse click on the element found by ``selector``.</doc>
<status status="PASS" start="2024-11-22T15:42:38.169733" elapsed="0.046918"/>
</kw>
<var name="${question_number}">0</var>
<status status="PASS" start="2024-11-22T15:42:37.358606" elapsed="0.858216"/>
</iter>
<iter>
<kw name="Click" owner="Browser">
<msg time="2024-11-22T15:42:38.217361" level="INFO">Clicks the element 'label:has(strong)'.</msg>
<arg>${correct_answer_locator}</arg>
<tag>PageContent</tag>
<tag>Setter</tag>
<doc>Simulates mouse click on the element found by ``selector``.</doc>
<status status="PASS" start="2024-11-22T15:42:38.217080" elapsed="0.031144"/>
</kw>
<kw name="Click" owner="Browser">
<msg time="2024-11-22T15:42:38.249549" level="INFO">Clicks the element 'text=Save and continue'.</msg>
<arg>${save_and_continue_locator}</arg>
<tag>PageContent</tag>
<tag>Setter</tag>
<doc>Simulates mouse click on the element found by ``selector``.</doc>
<status status="PASS" start="2024-11-22T15:42:38.248459" elapsed="0.052064"/>
</kw>
<var name="${question_number}">1</var>
<status status="PASS" start="2024-11-22T15:42:38.216950" elapsed="0.083691"/>
</iter>
<iter>
<kw name="Click" owner="Browser">
<msg time="2024-11-22T15:42:38.301739" level="INFO">Clicks the element 'label:has(strong)'.</msg>
<arg>${correct_answer_locator}</arg>
<tag>PageContent</tag>
<tag>Setter</tag>
<doc>Simulates mouse click on the element found by ``selector``.</doc>
<status status="PASS" start="2024-11-22T15:42:38.301163" elapsed="0.026135"/>
</kw>
<kw name="Click" owner="Browser">
<msg time="2024-11-22T15:42:38.327901" level="INFO">Clicks the element 'text=Save and continue'.</msg>
<arg>${save_and_continue_locator}</arg>
<tag>PageContent</tag>
<tag>Setter</tag>
<doc>Simulates mouse click on the element found by ``selector``.</doc>
<status status="PASS" start="2024-11-22T15:42:38.327474" elapsed="0.047459"/>
</kw>
<var name="${question_number}">2</var>
<status status="PASS" start="2024-11-22T15:42:38.300937" elapsed="0.074103"/>
</iter>
<iter>
<kw name="Click" owner="Browser">
<msg time="2024-11-22T15:42:38.375726" level="INFO">Clicks the element 'label:has(strong)'.</msg>
<arg>${correct_answer_locator}</arg>
<tag>PageContent</tag>
<tag>Setter</tag>
<doc>Simulates mouse click on the element found by ``selector``.</doc>
<status status="PASS" start="2024-11-22T15:42:38.375286" elapsed="0.027347"/>
</kw>
<kw name="Click" owner="Browser">
<msg time="2024-11-22T15:42:38.403154" level="INFO">Clicks the element 'text=Save and continue'.</msg>
<arg>${save_and_continue_locator}</arg>
<tag>PageContent</tag>
<tag>Setter</tag>
<doc>Simulates mouse click on the element found by ``selector``.</doc>
<status status="PASS" start="2024-11-22T15:42:38.402810" elapsed="0.052807"/>
</kw>
<var name="${question_number}">3</var>
<status status="PASS" start="2024-11-22T15:42:38.375158" elapsed="0.080664"/>
</iter>
<iter>
<kw name="Click" owner="Browser">
<msg time="2024-11-22T15:42:38.457004" level="INFO">Clicks the element 'label:has(strong)'.</msg>
<arg>${correct_answer_locator}</arg>
<tag>PageContent</tag>
<tag>Setter</tag>
<doc>Simulates mouse click on the element found by ``selector``.</doc>
<status status="PASS" start="2024-11-22T15:42:38.456206" elapsed="0.029467"/>
</kw>
<kw name="Click" owner="Browser">
<msg time="2024-11-22T15:42:38.486226" level="INFO">Clicks the element 'text=Save and continue'.</msg>
<arg>${save_and_continue_locator}</arg>
<tag>PageContent</tag>
<tag>Setter</tag>
<doc>Simulates mouse click on the element found by ``selector``.</doc>
<status status="PASS" start="2024-11-22T15:42:38.485844" elapsed="0.047404"/>
</kw>
<var name="${question_number}">4</var>
<status status="PASS" start="2024-11-22T15:42:38.455953" elapsed="0.077401"/>
</iter>
<iter>
<kw name="Click" owner="Browser">
<msg time="2024-11-22T15:42:38.533992" level="INFO">Clicks the element 'label:has(strong)'.</msg>
<arg>${correct_answer_locator}</arg>
<tag>PageContent</tag>
<tag>Setter</tag>
<doc>Simulates mouse click on the element found by ``selector``.</doc>
<status status="PASS" start="2024-11-22T15:42:38.533701" elapsed="0.024221"/>
</kw>
<kw name="Click" owner="Browser">
<msg time="2024-11-22T15:42:38.558439" level="INFO">Clicks the element 'text=Save and continue'.</msg>
<arg>${save_and_continue_locator}</arg>
<tag>PageContent</tag>
<tag>Setter</tag>
<doc>Simulates mouse click on the element found by ``selector``.</doc>
<status status="PASS" start="2024-11-22T15:42:38.558102" elapsed="0.050157"/>
</kw>
<var name="${question_number}">5</var>
<status status="PASS" start="2024-11-22T15:42:38.533518" elapsed="0.074861"/>
</iter>
<iter>
<kw name="Click" owner="Browser">
<msg time="2024-11-22T15:42:38.609379" level="INFO">Clicks the element 'label:has(strong)'.</msg>
<arg>${correct_answer_locator}</arg>
<tag>PageContent</tag>
<tag>Setter</tag>
<doc>Simulates mouse click on the element found by ``selector``.</doc>
<status status="PASS" start="2024-11-22T15:42:38.608970" elapsed="0.026957"/>
</kw>
<kw name="Click" owner="Browser">
<msg time="2024-11-22T15:42:38.636561" level="INFO">Clicks the element 'text=Save and continue'.</msg>
<arg>${save_and_continue_locator}</arg>
<tag>PageContent</tag>
<tag>Setter</tag>
<doc>Simulates mouse click on the element found by ``selector``.</doc>
<status status="PASS" start="2024-11-22T15:42:38.636124" elapsed="0.053453"/>
</kw>
<var name="${question_number}">6</var>
<status status="PASS" start="2024-11-22T15:42:38.608782" elapsed="0.080900"/>
</iter>
<iter>
<kw name="Click" owner="Browser">
<msg time="2024-11-22T15:42:38.690243" level="INFO">Clicks the element 'label:has(strong)'.</msg>
<arg>${correct_answer_locator}</arg>
<tag>PageContent</tag>
<tag>Setter</tag>
<doc>Simulates mouse click on the element found by ``selector``.</doc>
<status status="PASS" start="2024-11-22T15:42:38.689955" elapsed="0.028244"/>
</kw>
<kw name="Click" owner="Browser">
<msg time="2024-11-22T15:42:38.718682" level="INFO">Clicks the element 'text=Save and continue'.</msg>
<arg>${save_and_continue_locator}</arg>
<tag>PageContent</tag>
<tag>Setter</tag>
<doc>Simulates mouse click on the element found by ``selector``.</doc>
<status status="PASS" start="2024-11-22T15:42:38.718370" elapsed="0.047113"/>
</kw>
<var name="${question_number}">7</var>
<status status="PASS" start="2024-11-22T15:42:38.689817" elapsed="0.075840"/>
</iter>
<iter>
<kw name="Click" owner="Browser">
<msg time="2024-11-22T15:42:38.766410" level="INFO">Clicks the element 'label:has(strong)'.</msg>
<arg>${correct_answer_locator}</arg>
<tag>PageContent</tag>
<tag>Setter</tag>
<doc>Simulates mouse click on the element found by ``selector``.</doc>
<status status="PASS" start="2024-11-22T15:42:38.766029" elapsed="0.028305"/>
</kw>
<kw name="Click" owner="Browser">
<msg time="2024-11-22T15:42:38.795008" level="INFO">Clicks the element 'text=Save and continue'.</msg>
<arg>${save_and_continue_locator}</arg>
<tag>PageContent</tag>
<tag>Setter</tag>
<doc>Simulates mouse click on the element found by ``selector``.</doc>
<status status="PASS" start="2024-11-22T15:42:38.794509" elapsed="0.051014"/>
</kw>
<var name="${question_number}">8</var>
<status status="PASS" start="2024-11-22T15:42:38.765896" elapsed="0.079730"/>
</iter>
<iter>
<kw name="Click" owner="Browser">
<msg time="2024-11-22T15:42:38.846212" level="INFO">Clicks the element 'label:has(strong)'.</msg>
<arg>${correct_answer_locator}</arg>
<tag>PageContent</tag>
<tag>Setter</tag>
<doc>Simulates mouse click on the element found by ``selector``.</doc>
<status status="PASS" start="2024-11-22T15:42:38.845930" elapsed="0.039211"/>
</kw>
<kw name="Click" owner="Browser">
<msg time="2024-11-22T15:42:38.885622" level="INFO">Clicks the element 'text=Save and continue'.</msg>
<arg>${save_and_continue_locator}</arg>
<tag>PageContent</tag>
<tag>Setter</tag>
<doc>Simulates mouse click on the element found by ``selector``.</doc>
<status status="PASS" start="2024-11-22T15:42:38.885325" elapsed="0.040855"/>
</kw>
<var name="${question_number}">9</var>
<status status="PASS" start="2024-11-22T15:42:38.845778" elapsed="0.080497"/>
</iter>
<var>${question_number}</var>
<value>${for_loop_value}</value>
<status status="PASS" start="2024-11-22T15:42:37.358296" elapsed="1.568019"/>
</for>
<status status="PASS" start="2024-11-22T15:42:37.357865" elapsed="1.568530"/>
</kw>
<kw name="And FinishPage.Tap on Finish Button" owner="FinishPage">
<kw name="Click" owner="Browser">
<msg time="2024-11-22T15:42:38.926987" level="INFO">Clicks the element '[class="icon-solid icon-finish"]'.</msg>
<arg>${finish_button_locator}</arg>
<tag>PageContent</tag>
<tag>Setter</tag>
<doc>Simulates mouse click on the element found by ``selector``.</doc>
<status status="PASS" start="2024-11-22T15:42:38.926746" elapsed="15.547750"/>
</kw>
<status status="PASS" start="2024-11-22T15:42:38.926553" elapsed="15.548131"/>
</kw>
<kw name="And FinishPage.Wait for the Table to Appear" owner="FinishPage">
<kw name="Wait For Elements State" owner="Browser">
<msg time="2024-11-22T15:43:00.787154" level="INFO">Waited for Element with selector text=Grade at state visible</msg>
<arg>${table_element_locator}</arg>
<tag>PageContent</tag>
<tag>Wait</tag>
<doc>Waits for the element found by ``selector`` to satisfy state option.</doc>
<status status="PASS" start="2024-11-22T15:42:54.475071" elapsed="6.312244"/>
</kw>
<status status="PASS" start="2024-11-22T15:42:54.474861" elapsed="6.312542"/>
</kw>
<kw name="Then FinishPage.Validate if the Grade is &quot;10&quot;" owner="FinishPage">
<kw name="Get Text" owner="Browser">
<msg time="2024-11-22T15:43:00.801794" level="INFO">Text: '10'</msg>
<msg time="2024-11-22T15:43:00.801961" level="INFO">${grade_number} = 10</msg>
<var>${grade_number}</var>
<arg>${grade_value_locator}</arg>
<tag>Assertion</tag>
<tag>Getter</tag>
<tag>PageContent</tag>
<doc>Returns text attribute of the element found by ``selector``.</doc>
<status status="PASS" start="2024-11-22T15:43:00.787753" elapsed="0.014246"/>
</kw>
<kw name="Log" owner="BuiltIn">
<msg time="2024-11-22T15:43:00.802285" level="INFO">10</msg>
<arg>${grade_number}</arg>
<doc>Logs the given message with the given level.</doc>
<status status="PASS" start="2024-11-22T15:43:00.802134" elapsed="0.000190"/>
</kw>
<kw name="Should Be Equal As Numbers" owner="BuiltIn">
<arg>${grade_number}</arg>
<arg>${grade_expectation}</arg>
<doc>Fails if objects are unequal after converting them to real numbers.</doc>
<status status="PASS" start="2024-11-22T15:43:00.802396" elapsed="0.000141"/>
</kw>
<status status="PASS" start="2024-11-22T15:43:00.787560" elapsed="0.015034"/>
</kw>
<kw name="Close Browser" owner="Browser" type="TEARDOWN">
<msg time="2024-11-22T15:43:00.886017" level="INFO">Closed browser</msg>
<tag>BrowserControl</tag>
<tag>Setter</tag>
<doc>Closes the current browser.</doc>
<status status="PASS" start="2024-11-22T15:43:00.802717" elapsed="0.083448"/>
</kw>
<status status="PASS" start="2024-11-22T15:42:31.171838" elapsed="29.714745"/>
</test>
<status status="PASS" start="2024-11-22T15:42:31.040966" elapsed="29.849401"/>
</suite>
<statistics>
<total>
<stat pass="1" fail="0" skip="0">All Tests</stat>
</total>
<tag>
</tag>
<suite>
<stat pass="1" fail="0" skip="0" id="s1" name="TestCase">TestCase</stat>
</suite>
</statistics>
<errors>
</errors>
</robot>
